# JRE version: OpenJDK Runtime Environment (21.0.5) (build 21.0.5+-13047016-b750.29)
# Java VM: OpenJDK 64-Bit Server VM (21.0.5+-13047016-b750.29, mixed mode, tiered, compressed oops, compressed class ptrs, g1 gc, windows-amd64)
GC Precious Log:
 CardTable entry size: 512
 Card Set container configuration: InlinePtr #cards 5 size 8 Array Of Cards #cards 12 size 40 Howl #buckets 4 coarsen threshold 1843 Howl Bitmap #cards 512 size 80 coarsen threshold 460 Card regions per heap region 1 cards per card region 2048
 CPUs: 12 total, 12 available
 Memory: 32584M
 Large Page Support: Disabled
 NUMA Support: Disabled
 Compressed Oops: Enabled (32-bit)
 Heap Region Size: 1M
 Heap Min Capacity: 8M
 Heap Initial Capacity: 510M
 Heap Max Capacity: 2G
 Pre-touch: Disabled
 Parallel Workers: 10
 Concurrent Workers: 3
 Concurrent Refinement Workers: 10
 Periodic GC: Disabled
Heap:
 garbage-first heap   total 294912K, used 142887K [0x0000000080000000, 0x0000000100000000)
  region size 1024K, 39 young (39936K), 11 survivors (11264K)
 Metaspace       used 110051K, committed 112192K, reserved 1179648K
  class space    used 14926K, committed 16000K, reserved 1048576K
GC Heap History (20 events):
Event: 6.661 GC heap before
{Heap before GC invocations=12 (full 0):
 garbage-first heap   total 84992K, used 75426K [0x0000000080000000, 0x0000000100000000)
  region size 1024K, 41 young (41984K), 3 survivors (3072K)
 Metaspace       used 55391K, committed 56832K, reserved 1114112K
  class space    used 7453K, committed 8128K, reserved 1048576K
}
Event: 6.663 GC heap after
{Heap after GC invocations=13 (full 0):
 garbage-first heap   total 84992K, used 35757K [0x0000000080000000, 0x0000000100000000)
  region size 1024K, 4 young (4096K), 4 survivors (4096K)
 Metaspace       used 55391K, committed 56832K, reserved 1114112K
  class space    used 7453K, committed 8128K, reserved 1048576K
}
Event: 7.185 GC heap before
{Heap before GC invocations=13 (full 0):
 garbage-first heap   total 84992K, used 60333K [0x0000000080000000, 0x0000000100000000)
  region size 1024K, 29 young (29696K), 4 survivors (4096K)
 Metaspace       used 58936K, committed 60416K, reserved 1114112K
  class space    used 7955K, committed 8704K, reserved 1048576K
}
Event: 7.188 GC heap after
{Heap after GC invocations=14 (full 0):
 garbage-first heap   total 84992K, used 37008K [0x0000000080000000, 0x0000000100000000)
  region size 1024K, 3 young (3072K), 3 survivors (3072K)
 Metaspace       used 58936K, committed 60416K, reserved 1114112K
  class space    used 7955K, committed 8704K, reserved 1048576K
}
Event: 7.975 GC heap before
{Heap before GC invocations=15 (full 0):
 garbage-first heap   total 84992K, used 75920K [0x0000000080000000, 0x0000000100000000)
  region size 1024K, 41 young (41984K), 3 survivors (3072K)
 Metaspace       used 64006K, committed 65600K, reserved 1114112K
  class space    used 8772K, committed 9536K, reserved 1048576K
}
Event: 7.979 GC heap after
{Heap after GC invocations=16 (full 0):
 garbage-first heap   total 84992K, used 39778K [0x0000000080000000, 0x0000000100000000)
  region size 1024K, 6 young (6144K), 6 survivors (6144K)
 Metaspace       used 64006K, committed 65600K, reserved 1114112K
  class space    used 8772K, committed 9536K, reserved 1048576K
}
Event: 8.534 GC heap before
{Heap before GC invocations=16 (full 0):
 garbage-first heap   total 84992K, used 71522K [0x0000000080000000, 0x0000000100000000)
  region size 1024K, 38 young (38912K), 6 survivors (6144K)
 Metaspace       used 65926K, committed 67520K, reserved 1114112K
  class space    used 9027K, committed 9792K, reserved 1048576K
}
Event: 8.541 GC heap after
{Heap after GC invocations=17 (full 0):
 garbage-first heap   total 84992K, used 42794K [0x0000000080000000, 0x0000000100000000)
  region size 1024K, 5 young (5120K), 5 survivors (5120K)
 Metaspace       used 65926K, committed 67520K, reserved 1114112K
  class space    used 9027K, committed 9792K, reserved 1048576K
}
Event: 8.746 GC heap before
{Heap before GC invocations=17 (full 0):
 garbage-first heap   total 84992K, used 73514K [0x0000000080000000, 0x0000000100000000)
  region size 1024K, 36 young (36864K), 5 survivors (5120K)
 Metaspace       used 66366K, committed 67968K, reserved 1114112K
  class space    used 9054K, committed 9856K, reserved 1048576K
}
Event: 8.752 GC heap after
{Heap after GC invocations=18 (full 0):
 garbage-first heap   total 304128K, used 45373K [0x0000000080000000, 0x0000000100000000)
  region size 1024K, 3 young (3072K), 3 survivors (3072K)
 Metaspace       used 66366K, committed 67968K, reserved 1114112K
  class space    used 9054K, committed 9856K, reserved 1048576K
}
Event: 10.606 GC heap before
{Heap before GC invocations=18 (full 0):
 garbage-first heap   total 304128K, used 234813K [0x0000000080000000, 0x0000000100000000)
  region size 1024K, 178 young (182272K), 3 survivors (3072K)
 Metaspace       used 77211K, committed 79040K, reserved 1179648K
  class space    used 10425K, committed 11328K, reserved 1048576K
}
Event: 10.616 GC heap after
{Heap after GC invocations=19 (full 0):
 garbage-first heap   total 304128K, used 71541K [0x0000000080000000, 0x0000000100000000)
  region size 1024K, 20 young (20480K), 20 survivors (20480K)
 Metaspace       used 77211K, committed 79040K, reserved 1179648K
  class space    used 10425K, committed 11328K, reserved 1048576K
}
Event: 13.323 GC heap before
{Heap before GC invocations=19 (full 0):
 garbage-first heap   total 304128K, used 235381K [0x0000000080000000, 0x0000000100000000)
  region size 1024K, 178 young (182272K), 20 survivors (20480K)
 Metaspace       used 89240K, committed 91200K, reserved 1179648K
  class space    used 12184K, committed 13184K, reserved 1048576K
}
Event: 13.331 GC heap after
{Heap after GC invocations=20 (full 0):
 garbage-first heap   total 304128K, used 74934K [0x0000000080000000, 0x0000000100000000)
  region size 1024K, 9 young (9216K), 9 survivors (9216K)
 Metaspace       used 89240K, committed 91200K, reserved 1179648K
  class space    used 12184K, committed 13184K, reserved 1048576K
}
Event: 15.137 GC heap before
{Heap before GC invocations=20 (full 0):
 garbage-first heap   total 304128K, used 194742K [0x0000000080000000, 0x0000000100000000)
  region size 1024K, 127 young (130048K), 9 survivors (9216K)
 Metaspace       used 99356K, committed 101376K, reserved 1179648K
  class space    used 13622K, committed 14656K, reserved 1048576K
}
Event: 15.146 GC heap after
{Heap after GC invocations=21 (full 0):
 garbage-first heap   total 304128K, used 81914K [0x0000000080000000, 0x0000000100000000)
  region size 1024K, 16 young (16384K), 16 survivors (16384K)
 Metaspace       used 99356K, committed 101376K, reserved 1179648K
  class space    used 13622K, committed 14656K, reserved 1048576K
}
Event: 17.415 GC heap before
{Heap before GC invocations=22 (full 0):
 garbage-first heap   total 276480K, used 252922K [0x0000000080000000, 0x0000000100000000)
  region size 1024K, 162 young (165888K), 16 survivors (16384K)
 Metaspace       used 105954K, committed 108096K, reserved 1179648K
  class space    used 14477K, committed 15552K, reserved 1048576K
}
Event: 17.432 GC heap after
{Heap after GC invocations=23 (full 0):
 garbage-first heap   total 294912K, used 105497K [0x0000000080000000, 0x0000000100000000)
  region size 1024K, 21 young (21504K), 21 survivors (21504K)
 Metaspace       used 105954K, committed 108096K, reserved 1179648K
  class space    used 14477K, committed 15552K, reserved 1048576K
}
Event: 18.510 GC heap before
{Heap before GC invocations=23 (full 0):
 garbage-first heap   total 294912K, used 244761K [0x0000000080000000, 0x0000000100000000)
  region size 1024K, 158 young (161792K), 21 survivors (21504K)
 Metaspace       used 109433K, committed 111616K, reserved 1179648K
  class space    used 14852K, committed 15936K, reserved 1048576K
}
Event: 18.523 GC heap after
{Heap after GC invocations=24 (full 0):
 garbage-first heap   total 294912K, used 115239K [0x0000000080000000, 0x0000000100000000)
  region size 1024K, 11 young (11264K), 11 survivors (11264K)
 Metaspace       used 109433K, committed 111616K, reserved 1179648K
  class space    used 14852K, committed 15936K, reserved 1048576K
}

